<?xml version="1.0" encoding="UTF-8"?>
<!-- Generated by org.testng.reporters.JUnitReportReporter -->
<testsuite hostname="LAPTOP-KPHJ2A8U" failures="0" tests="1" name="com.asaf.com.asaf.selenium.framework.AppTest" time="0.010" errors="0" timestamp="11 Jun 2021 08:59:17 GMT" skipped="0">
  <testcase classname="com.asaf.com.asaf.selenium.framework.AppTest" name="shouldAnswerWithTrue" time="0.010"/>
</testsuite> <!-- com.asaf.com.asaf.selenium.framework.AppTest -->
