<?xml version="1.0" encoding="UTF-8"?>
<!-- Generated by org.testng.reporters.JUnitReportReporter -->
<testsuite hostname="LAPTOP-KPHJ2A8U" failures="0" tests="1" name="com.asaf.selenium.framework.Demo.POM.GoogleSearch" time="0.010" errors="0" timestamp="2021-07-06T16:49:53 IST" skipped="0">
  <testcase classname="com.asaf.selenium.framework.Demo.POM.GoogleSearch" name="f" time="0.010"/>
  <system-out/>
</testsuite> <!-- com.asaf.selenium.framework.Demo.POM.GoogleSearch -->
