<?xml version="1.0" encoding="UTF-8"?>
<!-- Generated by org.testng.reporters.JUnitReportReporter -->
<testsuite hostname="LAPTOP-KPHJ2A8U" failures="0" tests="1" name="com.asaf.com.asaf.selenium.framework.TestNGBase" time="0.008" errors="0" timestamp="2021-07-06T13:18:12 IST" skipped="0">
  <testcase classname="com.asaf.com.asaf.selenium.framework.TestNGBase" name="f" time="0.008"/>
  <system-out/>
</testsuite> <!-- com.asaf.com.asaf.selenium.framework.TestNGBase -->
