<?xml version="1.0" encoding="UTF-8"?>
<!-- Generated by org.testng.reporters.JUnitReportReporter -->
<testsuite hostname="LAPTOP-KPHJ2A8U" failures="0" tests="2" name="com.asaf.selenium.framework.Demo.Tests.GoogleSearchTest" time="8.417" errors="0" timestamp="2021-07-06T17:16:02 IST" skipped="0">
  <testcase classname="com.asaf.selenium.framework.Demo.Tests.GoogleSearchTest" name="TestGoogleSearch" time="8.417"/>
  <system-out/>
  <testcase classname="com.asaf.selenium.framework.Demo.Tests.GoogleSearchTest" name="f" time="0.000"/>
  <system-out/>
</testsuite> <!-- com.asaf.selenium.framework.Demo.Tests.GoogleSearchTest -->
